{"/Users/samuel/Desktop/Projects/auth-sdk/src/index.js": {"path":"/Users/samuel/Desktop/Projects/auth-sdk/src/index.js","statementMap":{"0":{"start":{"line":1,"column":16},"end":{"line":1,"column":34}},"1":{"start":{"line":2,"column":15},"end":{"line":2,"column":32}},"2":{"start":{"line":3,"column":15},"end":{"line":3,"column":32}},"3":{"start":{"line":4,"column":23},"end":{"line":4,"column":49}},"4":{"start":{"line":5,"column":15},"end":{"line":5,"column":40}},"5":{"start":{"line":6,"column":20},"end":{"line":6,"column":55}},"6":{"start":{"line":7,"column":25},"end":{"line":7,"column":56}},"7":{"start":{"line":11,"column":4},"end":{"line":11,"column":57}},"8":{"start":{"line":12,"column":4},"end":{"line":12,"column":25}},"9":{"start":{"line":13,"column":4},"end":{"line":13,"column":22}},"10":{"start":{"line":17,"column":4},"end":{"line":20,"column":5}},"11":{"start":{"line":18,"column":6},"end":{"line":18,"column":24}},"12":{"start":{"line":19,"column":6},"end":{"line":19,"column":47}},"13":{"start":{"line":21,"column":4},"end":{"line":21,"column":16}},"14":{"start":{"line":25,"column":4},"end":{"line":25,"column":27}},"15":{"start":{"line":26,"column":4},"end":{"line":26,"column":33}},"16":{"start":{"line":27,"column":4},"end":{"line":27,"column":53}},"17":{"start":{"line":28,"column":4},"end":{"line":30,"column":5}},"18":{"start":{"line":29,"column":6},"end":{"line":29,"column":39}},"19":{"start":{"line":31,"column":4},"end":{"line":31,"column":70}},"20":{"start":{"line":31,"column":42},"end":{"line":31,"column":68}},"21":{"start":{"line":32,"column":4},"end":{"line":32,"column":16}},"22":{"start":{"line":36,"column":23},"end":{"line":36,"column":52}},"23":{"start":{"line":37,"column":4},"end":{"line":37,"column":87}},"24":{"start":{"line":38,"column":4},"end":{"line":38,"column":16}},"25":{"start":{"line":42,"column":4},"end":{"line":44,"column":7}},"26":{"start":{"line":43,"column":6},"end":{"line":43,"column":55}},"27":{"start":{"line":45,"column":4},"end":{"line":45,"column":16}},"28":{"start":{"line":49,"column":4},"end":{"line":49,"column":23}},"29":{"start":{"line":53,"column":0},"end":{"line":53,"column":25}}},"fnMap":{"0":{"name":"(anonymous_0)","decl":{"start":{"line":10,"column":2},"end":{"line":10,"column":3}},"loc":{"start":{"line":10,"column":28},"end":{"line":14,"column":3}},"line":10},"1":{"name":"(anonymous_1)","decl":{"start":{"line":16,"column":2},"end":{"line":16,"column":3}},"loc":{"start":{"line":16,"column":25},"end":{"line":22,"column":3}},"line":16},"2":{"name":"(anonymous_2)","decl":{"start":{"line":24,"column":2},"end":{"line":24,"column":3}},"loc":{"start":{"line":24,"column":21},"end":{"line":33,"column":3}},"line":24},"3":{"name":"(anonymous_3)","decl":{"start":{"line":31,"column":28},"end":{"line":31,"column":29}},"loc":{"start":{"line":31,"column":42},"end":{"line":31,"column":68}},"line":31},"4":{"name":"(anonymous_4)","decl":{"start":{"line":35,"column":2},"end":{"line":35,"column":3}},"loc":{"start":{"line":35,"column":16},"end":{"line":39,"column":3}},"line":35},"5":{"name":"(anonymous_5)","decl":{"start":{"line":41,"column":2},"end":{"line":41,"column":3}},"loc":{"start":{"line":41,"column":33},"end":{"line":46,"column":3}},"line":41},"6":{"name":"(anonymous_6)","decl":{"start":{"line":42,"column":40},"end":{"line":42,"column":41}},"loc":{"start":{"line":42,"column":45},"end":{"line":44,"column":5}},"line":42},"7":{"name":"(anonymous_7)","decl":{"start":{"line":48,"column":2},"end":{"line":48,"column":3}},"loc":{"start":{"line":48,"column":14},"end":{"line":50,"column":3}},"line":48}},"branchMap":{"0":{"loc":{"start":{"line":10,"column":14},"end":{"line":10,"column":26}},"type":"default-arg","locations":[{"start":{"line":10,"column":24},"end":{"line":10,"column":26}}],"line":10},"1":{"loc":{"start":{"line":11,"column":29},"end":{"line":11,"column":55}},"type":"binary-expr","locations":[{"start":{"line":11,"column":29},"end":{"line":11,"column":40}},{"start":{"line":11,"column":44},"end":{"line":11,"column":55}}],"line":11},"2":{"loc":{"start":{"line":17,"column":4},"end":{"line":20,"column":5}},"type":"if","locations":[{"start":{"line":17,"column":4},"end":{"line":20,"column":5}},{"start":{},"end":{}}],"line":17},"3":{"loc":{"start":{"line":19,"column":24},"end":{"line":19,"column":45}},"type":"binary-expr","locations":[{"start":{"line":19,"column":24},"end":{"line":19,"column":35}},{"start":{"line":19,"column":39},"end":{"line":19,"column":45}}],"line":19},"4":{"loc":{"start":{"line":28,"column":4},"end":{"line":30,"column":5}},"type":"if","locations":[{"start":{"line":28,"column":4},"end":{"line":30,"column":5}},{"start":{},"end":{}}],"line":28},"5":{"loc":{"start":{"line":41,"column":8},"end":{"line":41,"column":31}},"type":"default-arg","locations":[{"start":{"line":41,"column":15},"end":{"line":41,"column":31}}],"line":41}},"s":{"0":1,"1":1,"2":1,"3":1,"4":1,"5":1,"6":1,"7":1,"8":0,"9":0,"10":0,"11":0,"12":0,"13":0,"14":0,"15":0,"16":0,"17":0,"18":0,"19":0,"20":0,"21":0,"22":0,"23":0,"24":0,"25":0,"26":0,"27":0,"28":0,"29":1},"f":{"0":1,"1":0,"2":0,"3":0,"4":0,"5":0,"6":0,"7":0},"b":{"0":[0],"1":[1,0],"2":[0,0],"3":[0,0],"4":[0,0],"5":[0]},"_coverageSchema":"1a1c01bbd47fc00a2c39e90264f33305004495a9","hash":"e3b1329654a2ebc0c60c58495571ee9b3e8b6dc5"}
,"/Users/samuel/Desktop/Projects/auth-sdk/src/config/loader.js": {"path":"/Users/samuel/Desktop/Projects/auth-sdk/src/config/loader.js","statementMap":{"0":{"start":{"line":1,"column":29},"end":{"line":1,"column":48}},"1":{"start":{"line":2,"column":12},"end":{"line":2,"column":26}},"2":{"start":{"line":5,"column":20},"end":{"line":40,"column":3}},"3":{"start":{"line":42,"column":27},"end":{"line":42,"column":87}},"4":{"start":{"line":43,"column":2},"end":{"line":45,"column":3}},"5":{"start":{"line":44,"column":4},"end":{"line":44,"column":72}},"6":{"start":{"line":46,"column":2},"end":{"line":46,"column":15}},"7":{"start":{"line":49,"column":0},"end":{"line":49,"column":32}}},"fnMap":{"0":{"name":"loadConfig","decl":{"start":{"line":4,"column":9},"end":{"line":4,"column":19}},"loc":{"start":{"line":4,"column":25},"end":{"line":47,"column":1}},"line":4}},"branchMap":{"0":{"loc":{"start":{"line":11,"column":23},"end":{"line":11,"column":74}},"type":"binary-expr","locations":[{"start":{"line":11,"column":23},"end":{"line":11,"column":45}},{"start":{"line":11,"column":49},"end":{"line":11,"column":74}}],"line":11},"1":{"loc":{"start":{"line":12,"column":24},"end":{"line":12,"column":77}},"type":"binary-expr","locations":[{"start":{"line":12,"column":24},"end":{"line":12,"column":47}},{"start":{"line":12,"column":51},"end":{"line":12,"column":77}}],"line":12},"2":{"loc":{"start":{"line":35,"column":14},"end":{"line":35,"column":45}},"type":"binary-expr","locations":[{"start":{"line":35,"column":14},"end":{"line":35,"column":33}},{"start":{"line":35,"column":37},"end":{"line":35,"column":45}}],"line":35},"3":{"loc":{"start":{"line":39,"column":13},"end":{"line":39,"column":54}},"type":"cond-expr","locations":[{"start":{"line":39,"column":27},"end":{"line":39,"column":49}},{"start":{"line":39,"column":52},"end":{"line":39,"column":54}}],"line":39},"4":{"loc":{"start":{"line":43,"column":2},"end":{"line":45,"column":3}},"type":"if","locations":[{"start":{"line":43,"column":2},"end":{"line":45,"column":3}},{"start":{},"end":{}}],"line":43}},"s":{"0":1,"1":1,"2":1,"3":1,"4":1,"5":1,"6":0,"7":1},"f":{"0":1},"b":{"0":[1,1],"1":[1,1],"2":[1,1],"3":[0,1],"4":[1,0]},"_coverageSchema":"1a1c01bbd47fc00a2c39e90264f33305004495a9","hash":"307937b2730e92003e2c347da370cf05ad19f717"}
,"/Users/samuel/Desktop/Projects/auth-sdk/src/config/schema.js": {"path":"/Users/samuel/Desktop/Projects/auth-sdk/src/config/schema.js","statementMap":{"0":{"start":{"line":1,"column":12},"end":{"line":1,"column":26}},"1":{"start":{"line":3,"column":25},"end":{"line":51,"column":2}},"2":{"start":{"line":53,"column":0},"end":{"line":53,"column":38}}},"fnMap":{},"branchMap":{},"s":{"0":1,"1":1,"2":1},"f":{},"b":{},"_coverageSchema":"1a1c01bbd47fc00a2c39e90264f33305004495a9","hash":"d6cf5b8219184eaae9e72fd8f2638ecf65c7146d"}
,"/Users/samuel/Desktop/Projects/auth-sdk/src/controllers/auth.controller.js": {"path":"/Users/samuel/Desktop/Projects/auth-sdk/src/controllers/auth.controller.js","statementMap":{"0":{"start":{"line":1,"column":20},"end":{"line":1,"column":54}},"1":{"start":{"line":6,"column":4},"end":{"line":12,"column":5}},"2":{"start":{"line":7,"column":47},"end":{"line":7,"column":55}},"3":{"start":{"line":8,"column":21},"end":{"line":8,"column":81}},"4":{"start":{"line":9,"column":6},"end":{"line":9,"column":35}},"5":{"start":{"line":11,"column":6},"end":{"line":11,"column":16}},"6":{"start":{"line":17,"column":4},"end":{"line":23,"column":5}},"7":{"start":{"line":18,"column":37},"end":{"line":18,"column":45}},"8":{"start":{"line":19,"column":21},"end":{"line":19,"column":69}},"9":{"start":{"line":20,"column":6},"end":{"line":20,"column":23}},"10":{"start":{"line":22,"column":6},"end":{"line":22,"column":16}},"11":{"start":{"line":28,"column":4},"end":{"line":34,"column":5}},"12":{"start":{"line":29,"column":34},"end":{"line":29,"column":42}},"13":{"start":{"line":30,"column":21},"end":{"line":30,"column":65}},"14":{"start":{"line":31,"column":6},"end":{"line":31,"column":23}},"15":{"start":{"line":33,"column":6},"end":{"line":33,"column":16}},"16":{"start":{"line":39,"column":4},"end":{"line":45,"column":5}},"17":{"start":{"line":40,"column":31},"end":{"line":40,"column":39}},"18":{"start":{"line":41,"column":21},"end":{"line":41,"column":60}},"19":{"start":{"line":42,"column":6},"end":{"line":42,"column":23}},"20":{"start":{"line":44,"column":6},"end":{"line":44,"column":16}},"21":{"start":{"line":50,"column":4},"end":{"line":57,"column":5}},"22":{"start":{"line":51,"column":21},"end":{"line":51,"column":33}},"23":{"start":{"line":52,"column":43},"end":{"line":52,"column":51}},"24":{"start":{"line":53,"column":21},"end":{"line":53,"column":87}},"25":{"start":{"line":54,"column":6},"end":{"line":54,"column":23}},"26":{"start":{"line":56,"column":6},"end":{"line":56,"column":16}},"27":{"start":{"line":61,"column":0},"end":{"line":61,"column":32}}},"fnMap":{"0":{"name":"(anonymous_0)","decl":{"start":{"line":5,"column":2},"end":{"line":5,"column":3}},"loc":{"start":{"line":5,"column":40},"end":{"line":13,"column":3}},"line":5},"1":{"name":"(anonymous_1)","decl":{"start":{"line":16,"column":2},"end":{"line":16,"column":3}},"loc":{"start":{"line":16,"column":38},"end":{"line":24,"column":3}},"line":16},"2":{"name":"(anonymous_2)","decl":{"start":{"line":27,"column":2},"end":{"line":27,"column":3}},"loc":{"start":{"line":27,"column":37},"end":{"line":35,"column":3}},"line":27},"3":{"name":"(anonymous_3)","decl":{"start":{"line":38,"column":2},"end":{"line":38,"column":3}},"loc":{"start":{"line":38,"column":39},"end":{"line":46,"column":3}},"line":38},"4":{"name":"(anonymous_4)","decl":{"start":{"line":49,"column":2},"end":{"line":49,"column":3}},"loc":{"start":{"line":49,"column":46},"end":{"line":58,"column":3}},"line":49}},"branchMap":{},"s":{"0":1,"1":0,"2":0,"3":0,"4":0,"5":0,"6":0,"7":0,"8":0,"9":0,"10":0,"11":0,"12":0,"13":0,"14":0,"15":0,"16":0,"17":0,"18":0,"19":0,"20":0,"21":0,"22":0,"23":0,"24":0,"25":0,"26":0,"27":1},"f":{"0":0,"1":0,"2":0,"3":0,"4":0},"b":{},"_coverageSchema":"1a1c01bbd47fc00a2c39e90264f33305004495a9","hash":"4611f0b4501f1b37c14258289442a314aa1d7fff"}
,"/Users/samuel/Desktop/Projects/auth-sdk/src/middleware/auth.middleware.js": {"path":"/Users/samuel/Desktop/Projects/auth-sdk/src/middleware/auth.middleware.js","statementMap":{"0":{"start":{"line":1,"column":12},"end":{"line":1,"column":35}},"1":{"start":{"line":2,"column":21},"end":{"line":2,"column":56}},"2":{"start":{"line":4,"column":0},"end":{"line":21,"column":2}},"3":{"start":{"line":5,"column":2},"end":{"line":20,"column":4}},"4":{"start":{"line":7,"column":6},"end":{"line":18,"column":7}},"5":{"start":{"line":8,"column":23},"end":{"line":8,"column":48}},"6":{"start":{"line":9,"column":8},"end":{"line":9,"column":72}},"7":{"start":{"line":9,"column":44},"end":{"line":9,"column":72}},"8":{"start":{"line":10,"column":22},"end":{"line":10,"column":42}},"9":{"start":{"line":12,"column":8},"end":{"line":12,"column":76}},"10":{"start":{"line":12,"column":49},"end":{"line":12,"column":76}},"11":{"start":{"line":13,"column":24},"end":{"line":13,"column":66}},"12":{"start":{"line":14,"column":8},"end":{"line":14,"column":27}},"13":{"start":{"line":15,"column":8},"end":{"line":15,"column":15}},"14":{"start":{"line":17,"column":8},"end":{"line":17,"column":58}}},"fnMap":{"0":{"name":"(anonymous_0)","decl":{"start":{"line":4,"column":17},"end":{"line":4,"column":18}},"loc":{"start":{"line":4,"column":29},"end":{"line":21,"column":1}},"line":4},"1":{"name":"(anonymous_1)","decl":{"start":{"line":6,"column":17},"end":{"line":6,"column":18}},"loc":{"start":{"line":6,"column":43},"end":{"line":19,"column":5}},"line":6}},"branchMap":{"0":{"loc":{"start":{"line":9,"column":8},"end":{"line":9,"column":72}},"type":"if","locations":[{"start":{"line":9,"column":8},"end":{"line":9,"column":72}},{"start":{},"end":{}}],"line":9},"1":{"loc":{"start":{"line":12,"column":8},"end":{"line":12,"column":76}},"type":"if","locations":[{"start":{"line":12,"column":8},"end":{"line":12,"column":76}},{"start":{},"end":{}}],"line":12}},"s":{"0":1,"1":1,"2":1,"3":0,"4":0,"5":0,"6":0,"7":0,"8":0,"9":0,"10":0,"11":0,"12":0,"13":0,"14":0},"f":{"0":0,"1":0},"b":{"0":[0,0],"1":[0,0]},"_coverageSchema":"1a1c01bbd47fc00a2c39e90264f33305004495a9","hash":"6768c24986e5e87e61ac6e91261900e764fd909e"}
,"/Users/samuel/Desktop/Projects/auth-sdk/src/middleware/rateLimiter.js": {"path":"/Users/samuel/Desktop/Projects/auth-sdk/src/middleware/rateLimiter.js","statementMap":{"0":{"start":{"line":2,"column":18},"end":{"line":2,"column":47}},"1":{"start":{"line":4,"column":0},"end":{"line":4,"column":87}},"2":{"start":{"line":4,"column":49},"end":{"line":4,"column":86}}},"fnMap":{"0":{"name":"(anonymous_0)","decl":{"start":{"line":4,"column":17},"end":{"line":4,"column":18}},"loc":{"start":{"line":4,"column":49},"end":{"line":4,"column":86}},"line":4}},"branchMap":{},"s":{"0":1,"1":1,"2":0},"f":{"0":0},"b":{},"_coverageSchema":"1a1c01bbd47fc00a2c39e90264f33305004495a9","hash":"583556d2136b79675d01792608d68706b67bf251"}
,"/Users/samuel/Desktop/Projects/auth-sdk/src/middleware/rbac.middleware.js": {"path":"/Users/samuel/Desktop/Projects/auth-sdk/src/middleware/rbac.middleware.js","statementMap":{"0":{"start":{"line":1,"column":0},"end":{"line":8,"column":5}},"1":{"start":{"line":1,"column":30},"end":{"line":8,"column":3}},"2":{"start":{"line":2,"column":32},"end":{"line":7,"column":5}},"3":{"start":{"line":3,"column":24},"end":{"line":3,"column":45}},"4":{"start":{"line":4,"column":20},"end":{"line":4,"column":65}},"5":{"start":{"line":4,"column":43},"end":{"line":4,"column":64}},"6":{"start":{"line":5,"column":6},"end":{"line":5,"column":72}},"7":{"start":{"line":5,"column":18},"end":{"line":5,"column":72}},"8":{"start":{"line":6,"column":6},"end":{"line":6,"column":13}}},"fnMap":{"0":{"name":"(anonymous_0)","decl":{"start":{"line":1,"column":17},"end":{"line":1,"column":18}},"loc":{"start":{"line":1,"column":30},"end":{"line":8,"column":3}},"line":1},"1":{"name":"(anonymous_1)","decl":{"start":{"line":2,"column":11},"end":{"line":2,"column":12}},"loc":{"start":{"line":2,"column":32},"end":{"line":7,"column":5}},"line":2},"2":{"name":"(anonymous_2)","decl":{"start":{"line":2,"column":32},"end":{"line":2,"column":33}},"loc":{"start":{"line":2,"column":52},"end":{"line":7,"column":5}},"line":2},"3":{"name":"(anonymous_3)","decl":{"start":{"line":4,"column":38},"end":{"line":4,"column":39}},"loc":{"start":{"line":4,"column":43},"end":{"line":4,"column":64}},"line":4}},"branchMap":{"0":{"loc":{"start":{"line":3,"column":24},"end":{"line":3,"column":45}},"type":"binary-expr","locations":[{"start":{"line":3,"column":24},"end":{"line":3,"column":39}},{"start":{"line":3,"column":43},"end":{"line":3,"column":45}}],"line":3},"1":{"loc":{"start":{"line":5,"column":6},"end":{"line":5,"column":72}},"type":"if","locations":[{"start":{"line":5,"column":6},"end":{"line":5,"column":72}},{"start":{},"end":{}}],"line":5}},"s":{"0":1,"1":0,"2":0,"3":0,"4":0,"5":0,"6":0,"7":0,"8":0},"f":{"0":0,"1":0,"2":0,"3":0},"b":{"0":[0,0],"1":[0,0]},"_coverageSchema":"1a1c01bbd47fc00a2c39e90264f33305004495a9","hash":"c02f304d831df92e8b444571d6572b82ee8504fb"}
,"/Users/samuel/Desktop/Projects/auth-sdk/src/models/Otp.js": {"path":"/Users/samuel/Desktop/Projects/auth-sdk/src/models/Otp.js","statementMap":{"0":{"start":{"line":1,"column":17},"end":{"line":1,"column":36}},"1":{"start":{"line":3,"column":18},"end":{"line":26,"column":24}},"2":{"start":{"line":28,"column":0},"end":{"line":28,"column":61}},"3":{"start":{"line":30,"column":0},"end":{"line":30,"column":50}}},"fnMap":{},"branchMap":{},"s":{"0":1,"1":1,"2":1,"3":1},"f":{},"b":{},"_coverageSchema":"1a1c01bbd47fc00a2c39e90264f33305004495a9","hash":"139356d1fe8125bcd3536348c0f7a12a210a8ef6"}
,"/Users/samuel/Desktop/Projects/auth-sdk/src/models/User.js": {"path":"/Users/samuel/Desktop/Projects/auth-sdk/src/models/User.js","statementMap":{"0":{"start":{"line":1,"column":17},"end":{"line":1,"column":36}},"1":{"start":{"line":2,"column":15},"end":{"line":2,"column":34}},"2":{"start":{"line":4,"column":19},"end":{"line":35,"column":2}},"3":{"start":{"line":37,"column":0},"end":{"line":42,"column":3}},"4":{"start":{"line":38,"column":2},"end":{"line":38,"column":50}},"5":{"start":{"line":38,"column":36},"end":{"line":38,"column":50}},"6":{"start":{"line":39,"column":15},"end":{"line":39,"column":39}},"7":{"start":{"line":40,"column":2},"end":{"line":40,"column":57}},"8":{"start":{"line":41,"column":2},"end":{"line":41,"column":9}},"9":{"start":{"line":44,"column":0},"end":{"line":46,"column":2}},"10":{"start":{"line":45,"column":2},"end":{"line":45,"column":58}},"11":{"start":{"line":48,"column":0},"end":{"line":48,"column":52}}},"fnMap":{"0":{"name":"(anonymous_0)","decl":{"start":{"line":37,"column":23},"end":{"line":37,"column":24}},"loc":{"start":{"line":37,"column":44},"end":{"line":42,"column":1}},"line":37},"1":{"name":"(anonymous_1)","decl":{"start":{"line":44,"column":37},"end":{"line":44,"column":38}},"loc":{"start":{"line":44,"column":65},"end":{"line":46,"column":1}},"line":44}},"branchMap":{"0":{"loc":{"start":{"line":38,"column":2},"end":{"line":38,"column":50}},"type":"if","locations":[{"start":{"line":38,"column":2},"end":{"line":38,"column":50}},{"start":{},"end":{}}],"line":38}},"s":{"0":1,"1":1,"2":1,"3":1,"4":0,"5":0,"6":0,"7":0,"8":0,"9":1,"10":0,"11":1},"f":{"0":0,"1":0},"b":{"0":[0,0]},"_coverageSchema":"1a1c01bbd47fc00a2c39e90264f33305004495a9","hash":"6a86539f76dc1756e4a0bc77e4f3a6f23d0727b9"}
,"/Users/samuel/Desktop/Projects/auth-sdk/src/routes/auth.routes.js": {"path":"/Users/samuel/Desktop/Projects/auth-sdk/src/routes/auth.routes.js","statementMap":{"0":{"start":{"line":1,"column":16},"end":{"line":1,"column":34}},"1":{"start":{"line":2,"column":23},"end":{"line":2,"column":64}},"2":{"start":{"line":3,"column":23},"end":{"line":3,"column":63}},"3":{"start":{"line":4,"column":23},"end":{"line":4,"column":63}},"4":{"start":{"line":6,"column":0},"end":{"line":28,"column":2}},"5":{"start":{"line":7,"column":17},"end":{"line":7,"column":33}},"6":{"start":{"line":8,"column":15},"end":{"line":8,"column":41}},"7":{"start":{"line":10,"column":2},"end":{"line":10,"column":53}},"8":{"start":{"line":11,"column":2},"end":{"line":11,"column":49}},"9":{"start":{"line":12,"column":2},"end":{"line":12,"column":47}},"10":{"start":{"line":13,"column":2},"end":{"line":13,"column":51}},"11":{"start":{"line":15,"column":2},"end":{"line":20,"column":4}},"12":{"start":{"line":22,"column":2},"end":{"line":25,"column":3}},"13":{"start":{"line":23,"column":24},"end":{"line":23,"column":72}},"14":{"start":{"line":24,"column":4},"end":{"line":24,"column":38}},"15":{"start":{"line":27,"column":2},"end":{"line":27,"column":16}}},"fnMap":{"0":{"name":"(anonymous_0)","decl":{"start":{"line":6,"column":17},"end":{"line":6,"column":18}},"loc":{"start":{"line":6,"column":29},"end":{"line":28,"column":1}},"line":6}},"branchMap":{"0":{"loc":{"start":{"line":22,"column":2},"end":{"line":25,"column":3}},"type":"if","locations":[{"start":{"line":22,"column":2},"end":{"line":25,"column":3}},{"start":{},"end":{}}],"line":22}},"s":{"0":1,"1":1,"2":1,"3":1,"4":1,"5":0,"6":0,"7":0,"8":0,"9":0,"10":0,"11":0,"12":0,"13":0,"14":0,"15":0},"f":{"0":0},"b":{"0":[0,0]},"_coverageSchema":"1a1c01bbd47fc00a2c39e90264f33305004495a9","hash":"f5c55e915fd27fbd83788c9e22a2b350951eea1d"}
,"/Users/samuel/Desktop/Projects/auth-sdk/src/services/OtpService.js": {"path":"/Users/samuel/Desktop/Projects/auth-sdk/src/services/OtpService.js","statementMap":{"0":{"start":{"line":2,"column":15},"end":{"line":2,"column":32}},"1":{"start":{"line":3,"column":15},"end":{"line":3,"column":32}},"2":{"start":{"line":4,"column":17},"end":{"line":4,"column":41}},"3":{"start":{"line":5,"column":22},"end":{"line":5,"column":57}},"4":{"start":{"line":6,"column":20},"end":{"line":6,"column":53}},"5":{"start":{"line":7,"column":21},"end":{"line":7,"column":47}},"6":{"start":{"line":8,"column":15},"end":{"line":8,"column":41}},"7":{"start":{"line":12,"column":4},"end":{"line":12,"column":46}},"8":{"start":{"line":13,"column":4},"end":{"line":13,"column":67}},"9":{"start":{"line":14,"column":4},"end":{"line":14,"column":61}},"10":{"start":{"line":19,"column":4},"end":{"line":19,"column":78}},"11":{"start":{"line":24,"column":17},"end":{"line":24,"column":37}},"12":{"start":{"line":25,"column":22},"end":{"line":25,"column":59}},"13":{"start":{"line":27,"column":4},"end":{"line":27,"column":61}},"14":{"start":{"line":29,"column":20},"end":{"line":31,"column":135}},"15":{"start":{"line":33,"column":4},"end":{"line":42,"column":5}},"16":{"start":{"line":34,"column":19},"end":{"line":36,"column":48}},"17":{"start":{"line":37,"column":6},"end":{"line":37,"column":60}},"18":{"start":{"line":38,"column":6},"end":{"line":38,"column":18}},"19":{"start":{"line":40,"column":6},"end":{"line":40,"column":69}},"20":{"start":{"line":41,"column":6},"end":{"line":41,"column":52}},"21":{"start":{"line":47,"column":19},"end":{"line":47,"column":82}},"22":{"start":{"line":48,"column":4},"end":{"line":48,"column":67}},"23":{"start":{"line":48,"column":17},"end":{"line":48,"column":67}},"24":{"start":{"line":49,"column":4},"end":{"line":51,"column":5}},"25":{"start":{"line":50,"column":6},"end":{"line":50,"column":49}},"26":{"start":{"line":52,"column":4},"end":{"line":52,"column":27}},"27":{"start":{"line":53,"column":4},"end":{"line":53,"column":24}},"28":{"start":{"line":54,"column":4},"end":{"line":54,"column":16}},"29":{"start":{"line":58,"column":0},"end":{"line":58,"column":28}}},"fnMap":{"0":{"name":"(anonymous_0)","decl":{"start":{"line":11,"column":2},"end":{"line":11,"column":3}},"loc":{"start":{"line":11,"column":22},"end":{"line":15,"column":3}},"line":11},"1":{"name":"(anonymous_1)","decl":{"start":{"line":18,"column":2},"end":{"line":18,"column":3}},"loc":{"start":{"line":18,"column":28},"end":{"line":20,"column":3}},"line":18},"2":{"name":"(anonymous_2)","decl":{"start":{"line":23,"column":2},"end":{"line":23,"column":3}},"loc":{"start":{"line":23,"column":61},"end":{"line":43,"column":3}},"line":23},"3":{"name":"(anonymous_3)","decl":{"start":{"line":46,"column":2},"end":{"line":46,"column":3}},"loc":{"start":{"line":46,"column":45},"end":{"line":55,"column":3}},"line":46}},"branchMap":{"0":{"loc":{"start":{"line":12,"column":15},"end":{"line":12,"column":45}},"type":"binary-expr","locations":[{"start":{"line":12,"column":15},"end":{"line":12,"column":28}},{"start":{"line":12,"column":32},"end":{"line":12,"column":45}}],"line":12},"1":{"loc":{"start":{"line":18,"column":16},"end":{"line":18,"column":26}},"type":"default-arg","locations":[{"start":{"line":18,"column":25},"end":{"line":18,"column":26}}],"line":18},"2":{"loc":{"start":{"line":23,"column":45},"end":{"line":23,"column":59}},"type":"default-arg","locations":[{"start":{"line":23,"column":52},"end":{"line":23,"column":59}}],"line":23},"3":{"loc":{"start":{"line":29,"column":20},"end":{"line":31,"column":135}},"type":"cond-expr","locations":[{"start":{"line":30,"column":8},"end":{"line":30,"column":56}},{"start":{"line":31,"column":8},"end":{"line":31,"column":135}}],"line":29},"4":{"loc":{"start":{"line":34,"column":19},"end":{"line":36,"column":48}},"type":"cond-expr","locations":[{"start":{"line":35,"column":10},"end":{"line":35,"column":46}},{"start":{"line":36,"column":10},"end":{"line":36,"column":48}}],"line":34},"5":{"loc":{"start":{"line":46,"column":29},"end":{"line":46,"column":43}},"type":"default-arg","locations":[{"start":{"line":46,"column":36},"end":{"line":46,"column":43}}],"line":46},"6":{"loc":{"start":{"line":48,"column":4},"end":{"line":48,"column":67}},"type":"if","locations":[{"start":{"line":48,"column":4},"end":{"line":48,"column":67}},{"start":{},"end":{}}],"line":48},"7":{"loc":{"start":{"line":49,"column":4},"end":{"line":51,"column":5}},"type":"if","locations":[{"start":{"line":49,"column":4},"end":{"line":51,"column":5}},{"start":{},"end":{}}],"line":49}},"s":{"0":2,"1":2,"2":2,"3":2,"4":2,"5":2,"6":2,"7":1,"8":1,"9":1,"10":2,"11":2,"12":2,"13":2,"14":2,"15":2,"16":2,"17":2,"18":2,"19":0,"20":0,"21":2,"22":2,"23":1,"24":1,"25":0,"26":1,"27":1,"28":1,"29":2},"f":{"0":1,"1":2,"2":2,"3":2},"b":{"0":[1,0],"1":[2],"2":[0],"3":[1,1],"4":[1,1],"5":[0],"6":[1,1],"7":[0,1]},"_coverageSchema":"1a1c01bbd47fc00a2c39e90264f33305004495a9","hash":"1437f931d0a9bae51286a8b98c55bb8f87c5d568"}
,"/Users/samuel/Desktop/Projects/auth-sdk/src/services/TokenService.js": {"path":"/Users/samuel/Desktop/Projects/auth-sdk/src/services/TokenService.js","statementMap":{"0":{"start":{"line":1,"column":12},"end":{"line":1,"column":35}},"1":{"start":{"line":2,"column":23},"end":{"line":2,"column":57}},"2":{"start":{"line":6,"column":4},"end":{"line":6,"column":48}},"3":{"start":{"line":7,"column":4},"end":{"line":7,"column":50}},"4":{"start":{"line":8,"column":4},"end":{"line":8,"column":54}},"5":{"start":{"line":9,"column":4},"end":{"line":9,"column":56}},"6":{"start":{"line":10,"column":4},"end":{"line":10,"column":72}},"7":{"start":{"line":14,"column":24},"end":{"line":14,"column":97}},"8":{"start":{"line":15,"column":25},"end":{"line":15,"column":100}},"9":{"start":{"line":16,"column":4},"end":{"line":16,"column":41}},"10":{"start":{"line":20,"column":20},"end":{"line":20,"column":37}},"11":{"start":{"line":21,"column":16},"end":{"line":21,"column":34}},"12":{"start":{"line":22,"column":16},"end":{"line":22,"column":32}},"13":{"start":{"line":23,"column":4},"end":{"line":25,"column":5}},"14":{"start":{"line":24,"column":6},"end":{"line":24,"column":54}},"15":{"start":{"line":29,"column":4},"end":{"line":29,"column":42}},"16":{"start":{"line":33,"column":4},"end":{"line":33,"column":48}},"17":{"start":{"line":37,"column":4},"end":{"line":37,"column":49}},"18":{"start":{"line":41,"column":0},"end":{"line":41,"column":30}}},"fnMap":{"0":{"name":"(anonymous_0)","decl":{"start":{"line":5,"column":2},"end":{"line":5,"column":3}},"loc":{"start":{"line":5,"column":22},"end":{"line":11,"column":3}},"line":5},"1":{"name":"(anonymous_1)","decl":{"start":{"line":13,"column":2},"end":{"line":13,"column":3}},"loc":{"start":{"line":13,"column":26},"end":{"line":17,"column":3}},"line":13},"2":{"name":"(anonymous_2)","decl":{"start":{"line":19,"column":2},"end":{"line":19,"column":3}},"loc":{"start":{"line":19,"column":27},"end":{"line":26,"column":3}},"line":19},"3":{"name":"(anonymous_3)","decl":{"start":{"line":28,"column":2},"end":{"line":28,"column":3}},"loc":{"start":{"line":28,"column":25},"end":{"line":30,"column":3}},"line":28},"4":{"name":"(anonymous_4)","decl":{"start":{"line":32,"column":2},"end":{"line":32,"column":3}},"loc":{"start":{"line":32,"column":22},"end":{"line":34,"column":3}},"line":32},"5":{"name":"(anonymous_5)","decl":{"start":{"line":36,"column":2},"end":{"line":36,"column":3}},"loc":{"start":{"line":36,"column":23},"end":{"line":38,"column":3}},"line":36}},"branchMap":{"0":{"loc":{"start":{"line":23,"column":4},"end":{"line":25,"column":5}},"type":"if","locations":[{"start":{"line":23,"column":4},"end":{"line":25,"column":5}},{"start":{},"end":{}}],"line":23}},"s":{"0":2,"1":2,"2":1,"3":1,"4":1,"5":1,"6":1,"7":5,"8":5,"9":5,"10":1,"11":1,"12":1,"13":1,"14":1,"15":2,"16":2,"17":2,"18":2},"f":{"0":1,"1":5,"2":1,"3":2,"4":2,"5":2},"b":{"0":[1,0]},"_coverageSchema":"1a1c01bbd47fc00a2c39e90264f33305004495a9","hash":"dfd7ec3ab1871f697ee2de2fdd9affd93295dc66"}
,"/Users/samuel/Desktop/Projects/auth-sdk/src/services/UserService.js": {"path":"/Users/samuel/Desktop/Projects/auth-sdk/src/services/UserService.js","statementMap":{"0":{"start":{"line":1,"column":13},"end":{"line":1,"column":38}},"1":{"start":{"line":2,"column":19},"end":{"line":2,"column":42}},"2":{"start":{"line":3,"column":12},"end":{"line":3,"column":35}},"3":{"start":{"line":9,"column":17},"end":{"line":9,"column":62}},"4":{"start":{"line":12,"column":16},"end":{"line":12,"column":60}},"5":{"start":{"line":13,"column":24},"end":{"line":13,"column":64}},"6":{"start":{"line":14,"column":4},"end":{"line":14,"column":47}},"7":{"start":{"line":16,"column":4},"end":{"line":16,"column":71}},"8":{"start":{"line":21,"column":4},"end":{"line":21,"column":51}},"9":{"start":{"line":24,"column":17},"end":{"line":28,"column":5}},"10":{"start":{"line":31,"column":24},"end":{"line":35,"column":5}},"11":{"start":{"line":36,"column":25},"end":{"line":40,"column":5}},"12":{"start":{"line":42,"column":4},"end":{"line":42,"column":41}},"13":{"start":{"line":47,"column":17},"end":{"line":47,"column":46}},"14":{"start":{"line":48,"column":4},"end":{"line":48,"column":49}},"15":{"start":{"line":48,"column":15},"end":{"line":48,"column":49}},"16":{"start":{"line":49,"column":20},"end":{"line":49,"column":56}},"17":{"start":{"line":50,"column":4},"end":{"line":50,"column":57}},"18":{"start":{"line":50,"column":18},"end":{"line":50,"column":57}},"19":{"start":{"line":51,"column":4},"end":{"line":51,"column":69}},"20":{"start":{"line":51,"column":26},"end":{"line":51,"column":69}},"21":{"start":{"line":54,"column":24},"end":{"line":58,"column":5}},"22":{"start":{"line":59,"column":25},"end":{"line":63,"column":5}},"23":{"start":{"line":65,"column":4},"end":{"line":65,"column":41}},"24":{"start":{"line":70,"column":4},"end":{"line":89,"column":5}},"25":{"start":{"line":71,"column":22},"end":{"line":71,"column":78}},"26":{"start":{"line":72,"column":19},"end":{"line":72,"column":51}},"27":{"start":{"line":73,"column":6},"end":{"line":73,"column":51}},"28":{"start":{"line":73,"column":17},"end":{"line":73,"column":51}},"29":{"start":{"line":75,"column":29},"end":{"line":79,"column":7}},"30":{"start":{"line":80,"column":30},"end":{"line":84,"column":7}},"31":{"start":{"line":86,"column":6},"end":{"line":86,"column":76}},"32":{"start":{"line":88,"column":6},"end":{"line":88,"column":47}},"33":{"start":{"line":94,"column":17},"end":{"line":94,"column":44}},"34":{"start":{"line":95,"column":4},"end":{"line":95,"column":49}},"35":{"start":{"line":95,"column":15},"end":{"line":95,"column":49}},"36":{"start":{"line":96,"column":20},"end":{"line":96,"column":59}},"37":{"start":{"line":97,"column":4},"end":{"line":97,"column":63}},"38":{"start":{"line":97,"column":18},"end":{"line":97,"column":63}},"39":{"start":{"line":98,"column":4},"end":{"line":98,"column":32}},"40":{"start":{"line":99,"column":4},"end":{"line":99,"column":22}},"41":{"start":{"line":100,"column":4},"end":{"line":100,"column":56}},"42":{"start":{"line":105,"column":4},"end":{"line":105,"column":53}},"43":{"start":{"line":109,"column":0},"end":{"line":109,"column":29}}},"fnMap":{"0":{"name":"(anonymous_0)","decl":{"start":{"line":7,"column":2},"end":{"line":7,"column":3}},"loc":{"start":{"line":7,"column":68},"end":{"line":17,"column":3}},"line":7},"1":{"name":"(anonymous_1)","decl":{"start":{"line":20,"column":2},"end":{"line":20,"column":3}},"loc":{"start":{"line":20,"column":56},"end":{"line":43,"column":3}},"line":20},"2":{"name":"(anonymous_2)","decl":{"start":{"line":46,"column":2},"end":{"line":46,"column":3}},"loc":{"start":{"line":46,"column":42},"end":{"line":66,"column":3}},"line":46},"3":{"name":"(anonymous_3)","decl":{"start":{"line":69,"column":2},"end":{"line":69,"column":3}},"loc":{"start":{"line":69,"column":37},"end":{"line":90,"column":3}},"line":69},"4":{"name":"(anonymous_4)","decl":{"start":{"line":93,"column":2},"end":{"line":93,"column":3}},"loc":{"start":{"line":93,"column":64},"end":{"line":101,"column":3}},"line":93},"5":{"name":"(anonymous_5)","decl":{"start":{"line":104,"column":2},"end":{"line":104,"column":3}},"loc":{"start":{"line":104,"column":25},"end":{"line":106,"column":3}},"line":104}},"branchMap":{"0":{"loc":{"start":{"line":7,"column":52},"end":{"line":7,"column":66}},"type":"default-arg","locations":[{"start":{"line":7,"column":59},"end":{"line":7,"column":66}}],"line":7},"1":{"loc":{"start":{"line":13,"column":24},"end":{"line":13,"column":64}},"type":"cond-expr","locations":[{"start":{"line":13,"column":41},"end":{"line":13,"column":51}},{"start":{"line":13,"column":54},"end":{"line":13,"column":64}}],"line":13},"2":{"loc":{"start":{"line":20,"column":38},"end":{"line":20,"column":52}},"type":"default-arg","locations":[{"start":{"line":20,"column":45},"end":{"line":20,"column":52}}],"line":20},"3":{"loc":{"start":{"line":48,"column":4},"end":{"line":48,"column":49}},"type":"if","locations":[{"start":{"line":48,"column":4},"end":{"line":48,"column":49}},{"start":{},"end":{}}],"line":48},"4":{"loc":{"start":{"line":50,"column":4},"end":{"line":50,"column":57}},"type":"if","locations":[{"start":{"line":50,"column":4},"end":{"line":50,"column":57}},{"start":{},"end":{}}],"line":50},"5":{"loc":{"start":{"line":51,"column":4},"end":{"line":51,"column":69}},"type":"if","locations":[{"start":{"line":51,"column":4},"end":{"line":51,"column":69}},{"start":{},"end":{}}],"line":51},"6":{"loc":{"start":{"line":73,"column":6},"end":{"line":73,"column":51}},"type":"if","locations":[{"start":{"line":73,"column":6},"end":{"line":73,"column":51}},{"start":{},"end":{}}],"line":73},"7":{"loc":{"start":{"line":95,"column":4},"end":{"line":95,"column":49}},"type":"if","locations":[{"start":{"line":95,"column":4},"end":{"line":95,"column":49}},{"start":{},"end":{}}],"line":95},"8":{"loc":{"start":{"line":97,"column":4},"end":{"line":97,"column":63}},"type":"if","locations":[{"start":{"line":97,"column":4},"end":{"line":97,"column":63}},{"start":{},"end":{}}],"line":97}},"s":{"0":1,"1":1,"2":1,"3":0,"4":0,"5":0,"6":0,"7":0,"8":0,"9":0,"10":0,"11":0,"12":0,"13":0,"14":0,"15":0,"16":0,"17":0,"18":0,"19":0,"20":0,"21":0,"22":0,"23":0,"24":0,"25":0,"26":0,"27":0,"28":0,"29":0,"30":0,"31":0,"32":0,"33":0,"34":0,"35":0,"36":0,"37":0,"38":0,"39":0,"40":0,"41":0,"42":0,"43":1},"f":{"0":0,"1":0,"2":0,"3":0,"4":0,"5":0},"b":{"0":[0],"1":[0,0],"2":[0],"3":[0,0],"4":[0,0],"5":[0,0],"6":[0,0],"7":[0,0],"8":[0,0]},"_coverageSchema":"1a1c01bbd47fc00a2c39e90264f33305004495a9","hash":"d2954d3930f7f4126de7cab477dc564aea1592bb"}
,"/Users/samuel/Desktop/Projects/auth-sdk/src/services/provider/EmailProvider.js": {"path":"/Users/samuel/Desktop/Projects/auth-sdk/src/services/provider/EmailProvider.js","statementMap":{"0":{"start":{"line":1,"column":19},"end":{"line":1,"column":40}},"1":{"start":{"line":5,"column":4},"end":{"line":5,"column":58}},"2":{"start":{"line":6,"column":4},"end":{"line":6,"column":33}},"3":{"start":{"line":10,"column":24},"end":{"line":10,"column":68}},"4":{"start":{"line":11,"column":17},"end":{"line":11,"column":61}},"5":{"start":{"line":12,"column":4},"end":{"line":12,"column":16}},"6":{"start":{"line":16,"column":0},"end":{"line":16,"column":31}}},"fnMap":{"0":{"name":"(anonymous_0)","decl":{"start":{"line":4,"column":2},"end":{"line":4,"column":3}},"loc":{"start":{"line":4,"column":22},"end":{"line":7,"column":3}},"line":4},"1":{"name":"(anonymous_1)","decl":{"start":{"line":9,"column":2},"end":{"line":9,"column":3}},"loc":{"start":{"line":9,"column":42},"end":{"line":13,"column":3}},"line":9}},"branchMap":{},"s":{"0":3,"1":1,"2":1,"3":0,"4":0,"5":0,"6":3},"f":{"0":1,"1":0},"b":{},"_coverageSchema":"1a1c01bbd47fc00a2c39e90264f33305004495a9","hash":"acd512ee72cae50dc10d0b37c159644f6e9acdb4"}
,"/Users/samuel/Desktop/Projects/auth-sdk/src/services/provider/SmsProvider.js": {"path":"/Users/samuel/Desktop/Projects/auth-sdk/src/services/provider/SmsProvider.js","statementMap":{"0":{"start":{"line":1,"column":15},"end":{"line":1,"column":32}},"1":{"start":{"line":5,"column":4},"end":{"line":5,"column":48}},"2":{"start":{"line":6,"column":4},"end":{"line":6,"column":21}},"3":{"start":{"line":10,"column":20},"end":{"line":14,"column":6}},"4":{"start":{"line":15,"column":4},"end":{"line":15,"column":19}},"5":{"start":{"line":19,"column":0},"end":{"line":19,"column":29}}},"fnMap":{"0":{"name":"(anonymous_0)","decl":{"start":{"line":4,"column":2},"end":{"line":4,"column":3}},"loc":{"start":{"line":4,"column":47},"end":{"line":7,"column":3}},"line":4},"1":{"name":"(anonymous_1)","decl":{"start":{"line":9,"column":2},"end":{"line":9,"column":3}},"loc":{"start":{"line":9,"column":27},"end":{"line":16,"column":3}},"line":9}},"branchMap":{},"s":{"0":3,"1":1,"2":1,"3":1,"4":1,"5":3},"f":{"0":1,"1":1},"b":{},"_coverageSchema":"1a1c01bbd47fc00a2c39e90264f33305004495a9","hash":"1757b69f53d7a01c97534203ae0c2553494c5bc8"}
,"/Users/samuel/Desktop/Projects/auth-sdk/src/utils/errors.js": {"path":"/Users/samuel/Desktop/Projects/auth-sdk/src/utils/errors.js","statementMap":{"0":{"start":{"line":3,"column":6},"end":{"line":3,"column":21}},"1":{"start":{"line":4,"column":6},"end":{"line":4,"column":27}},"2":{"start":{"line":5,"column":6},"end":{"line":5,"column":54}},"3":{"start":{"line":11,"column":6},"end":{"line":11,"column":26}},"4":{"start":{"line":17,"column":6},"end":{"line":17,"column":26}},"5":{"start":{"line":21,"column":2},"end":{"line":21,"column":67}}},"fnMap":{"0":{"name":"(anonymous_0)","decl":{"start":{"line":2,"column":4},"end":{"line":2,"column":5}},"loc":{"start":{"line":2,"column":39},"end":{"line":6,"column":5}},"line":2},"1":{"name":"(anonymous_1)","decl":{"start":{"line":10,"column":4},"end":{"line":10,"column":5}},"loc":{"start":{"line":10,"column":42},"end":{"line":12,"column":5}},"line":10},"2":{"name":"(anonymous_2)","decl":{"start":{"line":16,"column":4},"end":{"line":16,"column":5}},"loc":{"start":{"line":16,"column":39},"end":{"line":18,"column":5}},"line":16}},"branchMap":{"0":{"loc":{"start":{"line":2,"column":25},"end":{"line":2,"column":37}},"type":"default-arg","locations":[{"start":{"line":2,"column":34},"end":{"line":2,"column":37}}],"line":2},"1":{"loc":{"start":{"line":10,"column":16},"end":{"line":10,"column":40}},"type":"default-arg","locations":[{"start":{"line":10,"column":26},"end":{"line":10,"column":40}}],"line":10},"2":{"loc":{"start":{"line":16,"column":16},"end":{"line":16,"column":37}},"type":"default-arg","locations":[{"start":{"line":16,"column":26},"end":{"line":16,"column":37}}],"line":16}},"s":{"0":1,"1":1,"2":1,"3":0,"4":0,"5":2},"f":{"0":1,"1":0,"2":0},"b":{"0":[0],"1":[0],"2":[0]},"_coverageSchema":"1a1c01bbd47fc00a2c39e90264f33305004495a9","hash":"120a752802e15e6c85e7d57262cb91dabccbe15b"}
,"/Users/samuel/Desktop/Projects/auth-sdk/src/utils/logger.js": {"path":"/Users/samuel/Desktop/Projects/auth-sdk/src/utils/logger.js","statementMap":{"0":{"start":{"line":2,"column":45},"end":{"line":2,"column":63}},"1":{"start":{"line":4,"column":15},"end":{"line":11,"column":2}},"2":{"start":{"line":8,"column":53},"end":{"line":8,"column":90}},"3":{"start":{"line":13,"column":0},"end":{"line":13,"column":24}}},"fnMap":{"0":{"name":"(anonymous_0)","decl":{"start":{"line":8,"column":18},"end":{"line":8,"column":19}},"loc":{"start":{"line":8,"column":53},"end":{"line":8,"column":90}},"line":8}},"branchMap":{"0":{"loc":{"start":{"line":5,"column":9},"end":{"line":5,"column":40}},"type":"binary-expr","locations":[{"start":{"line":5,"column":9},"end":{"line":5,"column":30}},{"start":{"line":5,"column":34},"end":{"line":5,"column":40}}],"line":5}},"s":{"0":2,"1":2,"2":2,"3":2},"f":{"0":2},"b":{"0":[2,2]},"_coverageSchema":"1a1c01bbd47fc00a2c39e90264f33305004495a9","hash":"37137d0c391e92facf86263d4364ef6aeff33152"}
,"/Users/samuel/Desktop/Projects/auth-sdk/src/utils/storageFactory.js": {"path":"/Users/samuel/Desktop/Projects/auth-sdk/src/utils/storageFactory.js","statementMap":{"0":{"start":{"line":1,"column":14},"end":{"line":1,"column":32}},"1":{"start":{"line":5,"column":4},"end":{"line":5,"column":27}},"2":{"start":{"line":9,"column":4},"end":{"line":9,"column":30}},"3":{"start":{"line":10,"column":4},"end":{"line":10,"column":50}},"4":{"start":{"line":10,"column":21},"end":{"line":10,"column":43}},"5":{"start":{"line":14,"column":4},"end":{"line":14,"column":40}},"6":{"start":{"line":18,"column":4},"end":{"line":18,"column":27}},"7":{"start":{"line":24,"column":4},"end":{"line":24,"column":37}},"8":{"start":{"line":29,"column":20},"end":{"line":29,"column":41}},"9":{"start":{"line":30,"column":4},"end":{"line":30,"column":51}},"10":{"start":{"line":34,"column":19},"end":{"line":34,"column":45}},"11":{"start":{"line":35,"column":4},"end":{"line":35,"column":26}},"12":{"start":{"line":39,"column":4},"end":{"line":39,"column":31}},"13":{"start":{"line":43,"column":0},"end":{"line":51,"column":2}},"14":{"start":{"line":44,"column":2},"end":{"line":50,"column":3}},"15":{"start":{"line":46,"column":6},"end":{"line":46,"column":37}},"16":{"start":{"line":49,"column":6},"end":{"line":49,"column":31}}},"fnMap":{"0":{"name":"(anonymous_0)","decl":{"start":{"line":4,"column":2},"end":{"line":4,"column":3}},"loc":{"start":{"line":4,"column":16},"end":{"line":6,"column":3}},"line":4},"1":{"name":"(anonymous_1)","decl":{"start":{"line":8,"column":2},"end":{"line":8,"column":3}},"loc":{"start":{"line":8,"column":29},"end":{"line":11,"column":3}},"line":8},"2":{"name":"(anonymous_2)","decl":{"start":{"line":10,"column":15},"end":{"line":10,"column":16}},"loc":{"start":{"line":10,"column":21},"end":{"line":10,"column":43}},"line":10},"3":{"name":"(anonymous_3)","decl":{"start":{"line":13,"column":2},"end":{"line":13,"column":3}},"loc":{"start":{"line":13,"column":17},"end":{"line":15,"column":3}},"line":13},"4":{"name":"(anonymous_4)","decl":{"start":{"line":17,"column":2},"end":{"line":17,"column":3}},"loc":{"start":{"line":17,"column":17},"end":{"line":19,"column":3}},"line":17},"5":{"name":"(anonymous_5)","decl":{"start":{"line":23,"column":2},"end":{"line":23,"column":3}},"loc":{"start":{"line":23,"column":23},"end":{"line":25,"column":3}},"line":23},"6":{"name":"(anonymous_6)","decl":{"start":{"line":27,"column":2},"end":{"line":27,"column":3}},"loc":{"start":{"line":27,"column":29},"end":{"line":31,"column":3}},"line":27},"7":{"name":"(anonymous_7)","decl":{"start":{"line":33,"column":2},"end":{"line":33,"column":3}},"loc":{"start":{"line":33,"column":17},"end":{"line":36,"column":3}},"line":33},"8":{"name":"(anonymous_8)","decl":{"start":{"line":38,"column":2},"end":{"line":38,"column":3}},"loc":{"start":{"line":38,"column":17},"end":{"line":40,"column":3}},"line":38},"9":{"name":"storageFactory","decl":{"start":{"line":43,"column":26},"end":{"line":43,"column":40}},"loc":{"start":{"line":43,"column":60},"end":{"line":51,"column":1}},"line":43}},"branchMap":{"0":{"loc":{"start":{"line":14,"column":11},"end":{"line":14,"column":39}},"type":"binary-expr","locations":[{"start":{"line":14,"column":11},"end":{"line":14,"column":30}},{"start":{"line":14,"column":34},"end":{"line":14,"column":39}}],"line":14},"1":{"loc":{"start":{"line":44,"column":2},"end":{"line":50,"column":3}},"type":"switch","locations":[{"start":{"line":45,"column":4},"end":{"line":46,"column":37}},{"start":{"line":47,"column":4},"end":{"line":47,"column":18}},{"start":{"line":48,"column":4},"end":{"line":49,"column":31}}],"line":44}},"s":{"0":2,"1":3,"2":2,"3":2,"4":1,"5":4,"6":0,"7":3,"8":3,"9":3,"10":4,"11":4,"12":1,"13":2,"14":6,"15":3,"16":3},"f":{"0":3,"1":2,"2":1,"3":4,"4":0,"5":3,"6":3,"7":4,"8":1,"9":6},"b":{"0":[4,2],"1":[3,3,3]},"_coverageSchema":"1a1c01bbd47fc00a2c39e90264f33305004495a9","hash":"647988804a17727c005449c69e3e27a20c8bc96a"}
}
